2021-02-02 10:31:18 INFO  Benchmark_Timer - Begin run: testWaitPeriods with 2 runs
2021-02-02 10:32:34 INFO  Benchmark_Timer - Begin run: testWaitPeriods with 2 runs
2021-02-02 10:33:52 INFO  Benchmark_Timer - Begin run: testWaitPeriods with 2 runs
2021-02-03 09:18:16 INFO  Benchmark_Timer - Begin run: testWaitPeriods with 2 runs
2021-02-03 09:36:09 DEBUG Config - Config.get(helper, instrument) = true
2021-02-03 09:36:09 DEBUG Config - Config.get(helper, seed) = 0
2021-02-03 09:36:09 DEBUG Config - Config.get(instrumenting, copies) = true
2021-02-03 09:36:09 DEBUG Config - Config.get(instrumenting, swaps) = true
2021-02-03 09:36:09 DEBUG Config - Config.get(instrumenting, compares) = true
2021-02-03 09:36:09 DEBUG Config - Config.get(instrumenting, inversions) = 1
2021-02-03 09:36:09 DEBUG Config - Config.get(instrumenting, fixes) = true
2021-02-03 09:36:09 DEBUG Config - Config.get(helper, cutoff) = 
2021-02-03 09:36:50 DEBUG Config - Config.get(helper, instrument) = true
2021-02-03 09:36:50 DEBUG Config - Config.get(helper, seed) = 0
2021-02-03 09:36:50 DEBUG Config - Config.get(instrumenting, copies) = true
2021-02-03 09:36:50 DEBUG Config - Config.get(instrumenting, swaps) = true
2021-02-03 09:36:50 DEBUG Config - Config.get(instrumenting, compares) = true
2021-02-03 09:36:50 DEBUG Config - Config.get(instrumenting, inversions) = 1
2021-02-03 09:36:50 DEBUG Config - Config.get(instrumenting, fixes) = true
2021-02-03 09:36:50 DEBUG Config - Config.get(helper, cutoff) = 
2021-02-03 09:37:04 DEBUG Config - Config.get(helper, instrument) = true
2021-02-03 09:37:04 DEBUG Config - Config.get(helper, seed) = 0
2021-02-03 09:37:04 DEBUG Config - Config.get(instrumenting, copies) = true
2021-02-03 09:37:04 DEBUG Config - Config.get(instrumenting, swaps) = true
2021-02-03 09:37:04 DEBUG Config - Config.get(instrumenting, compares) = true
2021-02-03 09:37:04 DEBUG Config - Config.get(instrumenting, inversions) = 1
2021-02-03 09:37:04 DEBUG Config - Config.get(instrumenting, fixes) = true
2021-02-03 09:37:04 DEBUG Config - Config.get(helper, cutoff) = 
2021-02-03 09:42:09 DEBUG Config - Config.get(helper, instrument) = true
2021-02-03 09:42:09 DEBUG Config - Config.get(helper, seed) = 0
2021-02-03 09:42:09 DEBUG Config - Config.get(instrumenting, copies) = true
2021-02-03 09:42:09 DEBUG Config - Config.get(instrumenting, swaps) = true
2021-02-03 09:42:09 DEBUG Config - Config.get(instrumenting, compares) = true
2021-02-03 09:42:09 DEBUG Config - Config.get(instrumenting, inversions) = 1
2021-02-03 09:42:09 DEBUG Config - Config.get(instrumenting, fixes) = true
2021-02-03 09:42:09 DEBUG Config - Config.get(helper, cutoff) = 
2021-02-03 09:43:24 DEBUG Config - Config.get(helper, instrument) = true
2021-02-03 09:43:24 DEBUG Config - Config.get(helper, seed) = 0
2021-02-03 09:43:24 DEBUG Config - Config.get(instrumenting, copies) = true
2021-02-03 09:43:24 DEBUG Config - Config.get(instrumenting, swaps) = true
2021-02-03 09:43:24 DEBUG Config - Config.get(instrumenting, compares) = true
2021-02-03 09:43:24 DEBUG Config - Config.get(instrumenting, inversions) = 1
2021-02-03 09:43:24 DEBUG Config - Config.get(instrumenting, fixes) = true
2021-02-03 09:43:24 DEBUG Config - Config.get(helper, cutoff) = 
2021-02-03 09:44:53 DEBUG Config - Config.get(helper, instrument) = true
2021-02-03 09:44:53 DEBUG Config - Config.get(helper, seed) = 0
2021-02-03 09:44:53 DEBUG Config - Config.get(instrumenting, copies) = true
2021-02-03 09:44:53 DEBUG Config - Config.get(instrumenting, swaps) = true
2021-02-03 09:44:53 DEBUG Config - Config.get(instrumenting, compares) = true
2021-02-03 09:44:53 DEBUG Config - Config.get(instrumenting, inversions) = 1
2021-02-03 09:44:53 DEBUG Config - Config.get(instrumenting, fixes) = true
2021-02-03 09:44:53 DEBUG Config - Config.get(helper, cutoff) = 
2021-02-03 09:48:24 DEBUG Config - Config.get(helper, instrument) = true
2021-02-03 09:48:24 DEBUG Config - Config.get(helper, seed) = 0
2021-02-03 09:48:24 DEBUG Config - Config.get(instrumenting, copies) = true
2021-02-03 09:48:24 DEBUG Config - Config.get(instrumenting, swaps) = true
2021-02-03 09:48:24 DEBUG Config - Config.get(instrumenting, compares) = true
2021-02-03 09:48:24 DEBUG Config - Config.get(instrumenting, inversions) = 1
2021-02-03 09:48:24 DEBUG Config - Config.get(instrumenting, fixes) = true
2021-02-03 09:48:24 DEBUG Config - Config.get(helper, cutoff) = 
2021-02-03 09:51:01 DEBUG Config - Config.get(helper, instrument) = true
2021-02-03 09:51:01 DEBUG Config - Config.get(helper, seed) = 0
2021-02-03 09:51:01 DEBUG Config - Config.get(instrumenting, copies) = true
2021-02-03 09:51:01 DEBUG Config - Config.get(instrumenting, swaps) = true
2021-02-03 09:51:01 DEBUG Config - Config.get(instrumenting, compares) = true
2021-02-03 09:51:01 DEBUG Config - Config.get(instrumenting, inversions) = 1
2021-02-03 09:51:01 DEBUG Config - Config.get(instrumenting, fixes) = true
2021-02-03 09:51:01 DEBUG Config - Config.get(helper, cutoff) = 
2021-02-03 09:52:31 DEBUG Config - Config.get(helper, instrument) = true
2021-02-03 09:52:31 DEBUG Config - Config.get(helper, seed) = 0
2021-02-03 09:52:31 DEBUG Config - Config.get(instrumenting, copies) = true
2021-02-03 09:52:31 DEBUG Config - Config.get(instrumenting, swaps) = true
2021-02-03 09:52:31 DEBUG Config - Config.get(instrumenting, compares) = true
2021-02-03 09:52:31 DEBUG Config - Config.get(instrumenting, inversions) = 1
2021-02-03 09:52:31 DEBUG Config - Config.get(instrumenting, fixes) = true
2021-02-03 09:52:31 DEBUG Config - Config.get(helper, cutoff) = 
2021-02-03 09:56:17 DEBUG Config - Config.get(helper, instrument) = true
2021-02-03 09:56:17 DEBUG Config - Config.get(helper, seed) = 0
2021-02-03 09:56:17 DEBUG Config - Config.get(instrumenting, copies) = true
2021-02-03 09:56:17 DEBUG Config - Config.get(instrumenting, swaps) = true
2021-02-03 09:56:17 DEBUG Config - Config.get(instrumenting, compares) = true
2021-02-03 09:56:17 DEBUG Config - Config.get(instrumenting, inversions) = 1
2021-02-03 09:56:17 DEBUG Config - Config.get(instrumenting, fixes) = true
2021-02-03 09:56:17 DEBUG Config - Config.get(helper, cutoff) = 
2021-02-03 09:57:11 DEBUG Config - Config.get(helper, instrument) = true
2021-02-03 09:57:11 DEBUG Config - Config.get(helper, seed) = 0
2021-02-03 09:57:11 DEBUG Config - Config.get(instrumenting, copies) = true
2021-02-03 09:57:11 DEBUG Config - Config.get(instrumenting, swaps) = true
2021-02-03 09:57:11 DEBUG Config - Config.get(instrumenting, compares) = true
2021-02-03 09:57:11 DEBUG Config - Config.get(instrumenting, inversions) = 1
2021-02-03 09:57:11 DEBUG Config - Config.get(instrumenting, fixes) = true
2021-02-03 09:57:11 DEBUG Config - Config.get(helper, cutoff) = 
2021-02-03 09:57:32 DEBUG Config - Config.get(helper, instrument) = true
2021-02-03 09:57:32 DEBUG Config - Config.get(helper, seed) = 0
2021-02-03 09:57:32 DEBUG Config - Config.get(instrumenting, copies) = true
2021-02-03 09:57:32 DEBUG Config - Config.get(instrumenting, swaps) = true
2021-02-03 09:57:32 DEBUG Config - Config.get(instrumenting, compares) = true
2021-02-03 09:57:32 DEBUG Config - Config.get(instrumenting, inversions) = 1
2021-02-03 09:57:32 DEBUG Config - Config.get(instrumenting, fixes) = true
2021-02-03 09:57:32 DEBUG Config - Config.get(helper, cutoff) = 
2021-02-03 09:58:11 DEBUG Config - Config.get(helper, instrument) = true
2021-02-03 09:58:11 DEBUG Config - Config.get(helper, seed) = 0
2021-02-03 09:58:11 DEBUG Config - Config.get(instrumenting, copies) = true
2021-02-03 09:58:11 DEBUG Config - Config.get(instrumenting, swaps) = true
2021-02-03 09:58:11 DEBUG Config - Config.get(instrumenting, compares) = true
2021-02-03 09:58:11 DEBUG Config - Config.get(instrumenting, inversions) = 1
2021-02-03 09:58:11 DEBUG Config - Config.get(instrumenting, fixes) = true
2021-02-03 09:58:11 DEBUG Config - Config.get(helper, cutoff) = 
2021-02-03 09:58:52 DEBUG Config - Config.get(helper, instrument) = true
2021-02-03 09:58:52 DEBUG Config - Config.get(helper, seed) = 0
2021-02-03 09:58:52 DEBUG Config - Config.get(instrumenting, copies) = true
2021-02-03 09:58:52 DEBUG Config - Config.get(instrumenting, swaps) = true
2021-02-03 09:58:52 DEBUG Config - Config.get(instrumenting, compares) = true
2021-02-03 09:58:52 DEBUG Config - Config.get(instrumenting, inversions) = 1
2021-02-03 09:58:52 DEBUG Config - Config.get(instrumenting, fixes) = true
2021-02-03 09:58:52 DEBUG Config - Config.get(helper, cutoff) = 
2021-02-03 10:06:46 INFO  Benchmark_Timer - Begin run: Selection sort for 2000 Integers with 100 runs
2021-02-03 10:06:46 INFO  Benchmarks - 0.000 ms
2021-02-03 10:06:46 INFO  Benchmark_Timer - Begin run: Insertion sort for 2000 Integers with 100 runs
2021-02-03 10:06:46 INFO  Benchmarks - 3.470 ms
2021-02-03 10:06:46 INFO  Benchmark_Timer - Begin run: BubbleSort for 2000 Integers with 100 runs
2021-02-03 10:06:47 INFO  Benchmarks - 7.530 ms
2021-02-03 10:06:47 INFO  Benchmark_Timer - Begin run: Dual-pivot Quick sort for 2000 Integers with 100 runs
2021-02-03 10:06:47 INFO  Benchmarks - 0.660 ms
2021-02-03 10:06:47 INFO  Benchmark_Timer - Begin run: 3-way Quick sort for 2000 Integers with 100 runs
2021-02-03 10:06:47 INFO  Benchmarks - 0.580 ms
2021-02-03 10:06:47 INFO  Benchmark_Timer - Begin run: Optimized Insertion sort for 2000 Integers with 100 runs
2021-02-03 10:06:47 INFO  Benchmarks - 0.260 ms
2021-02-03 10:06:47 INFO  Benchmark_Timer - Begin run: Merge sort for 2000 Integers with 100 runs
2021-02-03 10:06:47 INFO  Benchmarks - 0.260 ms
2021-02-03 10:06:47 INFO  Benchmark_Timer - Begin run: 3Shell sort for 2000 Integers with 100 runs
2021-02-03 10:10:22 DEBUG Config - Config.get(helper, instrument) = true
2021-02-03 10:10:22 DEBUG Config - Config.get(helper, seed) = 0
2021-02-03 10:10:22 DEBUG Config - Config.get(instrumenting, copies) = true
2021-02-03 10:10:22 DEBUG Config - Config.get(instrumenting, swaps) = true
2021-02-03 10:10:22 DEBUG Config - Config.get(instrumenting, compares) = true
2021-02-03 10:10:22 DEBUG Config - Config.get(instrumenting, inversions) = 1
2021-02-03 10:10:22 DEBUG Config - Config.get(instrumenting, fixes) = true
2021-02-03 10:10:22 DEBUG Config - Config.get(helper, cutoff) = 
2021-02-03 11:30:10 INFO  SorterBenchmark - run: sort 4 elements using SorterBenchmark on class java.lang.String from 4 total elements and 100 runs using sorter: Insertion sort
2021-02-03 11:30:10 INFO  Benchmark_Timer - Begin run: Helper for Insertion sort with 0 elements with 100 runs
2021-02-03 11:30:10 INFO  TimeLogger - test .00
2021-02-03 11:49:19 INFO  Benchmark_Timer - Begin run: Insertion sort for 2000 Integers with 100 runs
2021-02-03 11:49:19 INFO  CustomBenchmarks - 3.180 ms
2021-02-03 12:02:43 INFO  Benchmark_Timer - Begin run: Insertion sort for 4 Integers with 100 runs
2021-02-03 12:02:43 INFO  CustomBenchmarks - 0.000 ms
2021-02-03 12:02:43 INFO  Benchmark_Timer - Begin run: Insertion sort for 5 Integers with 100 runs
2021-02-03 12:02:43 INFO  CustomBenchmarks - 0.000 ms
2021-02-03 12:02:43 INFO  Benchmark_Timer - Begin run: Insertion sort for 6 Integers with 100 runs
2021-02-03 12:02:43 INFO  CustomBenchmarks - 0.000 ms
2021-02-03 12:02:43 INFO  Benchmark_Timer - Begin run: Insertion sort for 7 Integers with 100 runs
2021-02-03 12:02:43 INFO  CustomBenchmarks - 0.000 ms
2021-02-03 12:02:43 INFO  Benchmark_Timer - Begin run: Insertion sort for 8 Integers with 100 runs
2021-02-03 12:02:43 INFO  CustomBenchmarks - 0.000 ms
2021-02-03 12:02:43 INFO  Benchmark_Timer - Begin run: Insertion sort for 9 Integers with 100 runs
2021-02-03 12:02:43 INFO  CustomBenchmarks - 0.000 ms
2021-02-03 12:02:43 INFO  Benchmark_Timer - Begin run: Insertion sort for 10 Integers with 100 runs
2021-02-03 12:02:43 INFO  CustomBenchmarks - 0.000 ms
2021-02-03 12:02:43 INFO  Benchmark_Timer - Begin run: Insertion sort for 11 Integers with 100 runs
2021-02-03 12:02:43 INFO  CustomBenchmarks - 0.000 ms
2021-02-03 12:02:43 INFO  Benchmark_Timer - Begin run: Insertion sort for 12 Integers with 100 runs
2021-02-03 12:02:43 INFO  CustomBenchmarks - 0.000 ms
2021-02-03 12:02:43 INFO  Benchmark_Timer - Begin run: Insertion sort for 13 Integers with 100 runs
2021-02-03 12:02:43 INFO  CustomBenchmarks - 0.000 ms
2021-02-03 12:02:43 INFO  Benchmark_Timer - Begin run: Insertion sort for 14 Integers with 100 runs
2021-02-03 12:02:43 INFO  CustomBenchmarks - 0.000 ms
2021-02-03 12:02:43 INFO  Benchmark_Timer - Begin run: Insertion sort for 15 Integers with 100 runs
2021-02-03 12:02:43 INFO  CustomBenchmarks - 0.000 ms
2021-02-03 12:03:21 INFO  Benchmark_Timer - Begin run: Insertion sort for 6 Integers with 100 runs
2021-02-03 12:03:21 INFO  CustomBenchmarks - 0.000 ms
2021-02-03 12:03:21 INFO  Benchmark_Timer - Begin run: Insertion sort for 7 Integers with 100 runs
2021-02-03 12:03:21 INFO  CustomBenchmarks - 0.000 ms
2021-02-03 12:03:21 INFO  Benchmark_Timer - Begin run: Insertion sort for 4 Integers with 100 runs
2021-02-03 12:03:21 INFO  CustomBenchmarks - 0.000 ms
2021-02-03 12:03:21 INFO  Benchmark_Timer - Begin run: Insertion sort for 5 Integers with 100 runs
2021-02-03 12:03:21 INFO  CustomBenchmarks - 0.000 ms
2021-02-03 12:03:21 INFO  Benchmark_Timer - Begin run: Insertion sort for 10 Integers with 100 runs
2021-02-03 12:03:21 INFO  CustomBenchmarks - 0.000 ms
2021-02-03 12:03:21 INFO  Benchmark_Timer - Begin run: Insertion sort for 11 Integers with 100 runs
2021-02-03 12:03:21 INFO  CustomBenchmarks - 0.000 ms
2021-02-03 12:03:21 INFO  Benchmark_Timer - Begin run: Insertion sort for 8 Integers with 100 runs
2021-02-03 12:03:21 INFO  CustomBenchmarks - 0.000 ms
2021-02-03 12:03:21 INFO  Benchmark_Timer - Begin run: Insertion sort for 9 Integers with 100 runs
2021-02-03 12:03:21 INFO  CustomBenchmarks - 0.000 ms
2021-02-03 12:03:21 INFO  Benchmark_Timer - Begin run: Insertion sort for 14 Integers with 100 runs
2021-02-03 12:03:21 INFO  CustomBenchmarks - 0.000 ms
2021-02-03 12:03:21 INFO  Benchmark_Timer - Begin run: Insertion sort for 15 Integers with 100 runs
2021-02-03 12:03:21 INFO  CustomBenchmarks - 0.000 ms
2021-02-03 12:03:21 INFO  Benchmark_Timer - Begin run: Insertion sort for 12 Integers with 100 runs
2021-02-03 12:03:21 INFO  CustomBenchmarks - 0.000 ms
2021-02-03 12:03:21 INFO  Benchmark_Timer - Begin run: Insertion sort for 13 Integers with 100 runs
2021-02-03 12:03:21 INFO  CustomBenchmarks - 0.000 ms
2021-02-03 12:04:15 INFO  Benchmark_Timer - Begin run: Insertion sort for 4 Integers with 100 runs
2021-02-03 12:04:15 INFO  CustomBenchmarks - 0.000 ms
2021-02-03 12:04:15 INFO  Benchmark_Timer - Begin run: Insertion sort for 5 Integers with 100 runs
2021-02-03 12:04:15 INFO  CustomBenchmarks - 0.000 ms
2021-02-03 12:04:15 INFO  Benchmark_Timer - Begin run: Insertion sort for 6 Integers with 100 runs
2021-02-03 12:04:15 INFO  CustomBenchmarks - 0.000 ms
2021-02-03 12:04:15 INFO  Benchmark_Timer - Begin run: Insertion sort for 7 Integers with 100 runs
2021-02-03 12:04:15 INFO  CustomBenchmarks - 0.000 ms
2021-02-03 12:04:15 INFO  Benchmark_Timer - Begin run: Insertion sort for 8 Integers with 100 runs
2021-02-03 12:04:15 INFO  CustomBenchmarks - 0.000 ms
2021-02-03 12:04:15 INFO  Benchmark_Timer - Begin run: Insertion sort for 9 Integers with 100 runs
2021-02-03 12:04:15 INFO  CustomBenchmarks - 0.000 ms
2021-02-03 12:04:15 INFO  Benchmark_Timer - Begin run: Insertion sort for 10 Integers with 100 runs
2021-02-03 12:04:15 INFO  CustomBenchmarks - 0.000 ms
2021-02-03 12:04:15 INFO  Benchmark_Timer - Begin run: Insertion sort for 11 Integers with 100 runs
2021-02-03 12:04:15 INFO  CustomBenchmarks - 0.000 ms
2021-02-03 12:04:15 INFO  Benchmark_Timer - Begin run: Insertion sort for 12 Integers with 100 runs
2021-02-03 12:04:15 INFO  CustomBenchmarks - 0.000 ms
2021-02-03 12:04:15 INFO  Benchmark_Timer - Begin run: Insertion sort for 13 Integers with 100 runs
2021-02-03 12:04:15 INFO  CustomBenchmarks - 0.000 ms
2021-02-03 12:04:15 INFO  Benchmark_Timer - Begin run: Insertion sort for 14 Integers with 100 runs
2021-02-03 12:04:15 INFO  CustomBenchmarks - 0.000 ms
2021-02-03 12:04:15 INFO  Benchmark_Timer - Begin run: Insertion sort for 15 Integers with 100 runs
2021-02-03 12:04:15 INFO  CustomBenchmarks - 0.000 ms
2021-02-03 12:07:44 INFO  Benchmark_Timer - Begin run: Insertion sort for 16 Integers with 100 runs
2021-02-03 12:07:44 INFO  CustomBenchmarks - 0.000 ms
2021-02-03 12:07:44 INFO  Benchmark_Timer - Begin run: Insertion sort for 32 Integers with 100 runs
2021-02-03 12:07:44 INFO  CustomBenchmarks - 0.010 ms
2021-02-03 12:07:44 INFO  Benchmark_Timer - Begin run: Insertion sort for 64 Integers with 100 runs
2021-02-03 12:07:44 INFO  CustomBenchmarks - 0.010 ms
2021-02-03 12:07:44 INFO  Benchmark_Timer - Begin run: Insertion sort for 128 Integers with 100 runs
2021-02-03 12:07:44 INFO  CustomBenchmarks - 0.050 ms
2021-02-03 12:07:44 INFO  Benchmark_Timer - Begin run: Insertion sort for 256 Integers with 100 runs
2021-02-03 12:07:44 INFO  CustomBenchmarks - 0.070 ms
2021-02-03 12:07:44 INFO  Benchmark_Timer - Begin run: Insertion sort for 512 Integers with 100 runs
2021-02-03 12:07:44 INFO  CustomBenchmarks - 0.280 ms
2021-02-03 12:07:44 INFO  Benchmark_Timer - Begin run: Insertion sort for 1024 Integers with 100 runs
2021-02-03 12:07:44 INFO  CustomBenchmarks - 1.110 ms
2021-02-03 12:07:44 INFO  Benchmark_Timer - Begin run: Insertion sort for 2048 Integers with 100 runs
2021-02-03 12:07:45 INFO  CustomBenchmarks - 4.180 ms
2021-02-03 12:07:45 INFO  Benchmark_Timer - Begin run: Insertion sort for 4096 Integers with 100 runs
2021-02-03 12:07:46 INFO  CustomBenchmarks - 15.170 ms
2021-02-03 12:07:46 INFO  Benchmark_Timer - Begin run: Insertion sort for 8192 Integers with 100 runs
2021-02-03 12:07:53 INFO  CustomBenchmarks - 59.900 ms
2021-02-03 12:07:53 INFO  Benchmark_Timer - Begin run: Insertion sort for 16384 Integers with 100 runs
2021-02-03 12:08:19 INFO  CustomBenchmarks - 233.660 ms
2021-02-03 12:08:19 INFO  Benchmark_Timer - Begin run: Insertion sort for 32768 Integers with 100 runs
2021-02-03 12:10:09 INFO  CustomBenchmarks - 995.940 ms
2021-02-03 12:12:52 INFO  Benchmark_Timer - Begin run: Insertion sort for 16 Integers with 100 runs
2021-02-03 12:12:52 INFO  CustomBenchmarks - 0.000 ms
2021-02-03 12:12:52 INFO  Benchmark_Timer - Begin run: Insertion sort for 32 Integers with 100 runs
2021-02-03 12:12:52 INFO  CustomBenchmarks - 0.010 ms
2021-02-03 12:12:52 INFO  Benchmark_Timer - Begin run: Insertion sort for 64 Integers with 100 runs
2021-02-03 12:12:52 INFO  CustomBenchmarks - 0.010 ms
2021-02-03 12:12:52 INFO  Benchmark_Timer - Begin run: Insertion sort for 128 Integers with 100 runs
2021-02-03 12:12:52 INFO  CustomBenchmarks - 0.050 ms
2021-02-03 12:12:52 INFO  Benchmark_Timer - Begin run: Insertion sort for 256 Integers with 100 runs
2021-02-03 12:12:52 INFO  CustomBenchmarks - 0.070 ms
2021-02-03 12:12:52 INFO  Benchmark_Timer - Begin run: Insertion sort for 512 Integers with 100 runs
2021-02-03 12:12:53 INFO  CustomBenchmarks - 0.300 ms
2021-02-03 12:12:53 INFO  Benchmark_Timer - Begin run: Insertion sort for 1024 Integers with 100 runs
2021-02-03 12:12:53 INFO  CustomBenchmarks - 1.130 ms
2021-02-03 12:12:53 INFO  Benchmark_Timer - Begin run: Insertion sort for 2048 Integers with 100 runs
2021-02-03 12:12:53 INFO  CustomBenchmarks - 4.240 ms
2021-02-03 12:12:53 INFO  Benchmark_Timer - Begin run: Insertion sort for 4096 Integers with 100 runs
2021-02-03 12:12:55 INFO  CustomBenchmarks - 15.260 ms
2021-02-03 12:12:55 INFO  Benchmark_Timer - Begin run: Insertion sort for 8192 Integers with 100 runs
2021-02-03 12:13:01 INFO  CustomBenchmarks - 58.720 ms
2021-02-03 12:13:01 INFO  Benchmark_Timer - Begin run: Insertion sort for 16384 Integers with 100 runs
2021-02-03 12:13:27 INFO  CustomBenchmarks - 229.660 ms
2021-02-03 12:13:27 INFO  Benchmark_Timer - Begin run: Insertion sort for 32768 Integers with 100 runs
2021-02-03 12:15:13 INFO  CustomBenchmarks - 966.740 ms
2021-02-03 13:58:10 INFO  Benchmark_Timer - Begin run: Insertion sort for 16 Integers with 100 runs
2021-02-03 13:58:11 INFO  CustomBenchmarks - 0.060 ms
2021-02-03 14:37:51 INFO  Benchmark_Timer - Begin run: Insertion sort for 16 Integers with 100 runs
2021-02-03 14:37:51 INFO  CustomBenchmarks - 0.020 ms
2021-02-03 14:40:52 INFO  Benchmark_Timer - Begin run: Insertion sort for 16 Integers with 100 runs
2021-02-03 14:40:52 INFO  CustomBenchmarks - 0.000 ms
2021-02-03 14:44:46 INFO  Benchmark_Timer - Begin run: Insertion sort for 16 Integers with 100 runs
2021-02-03 14:44:46 INFO  CustomBenchmarks - 0.000 ms
2021-02-03 14:44:46 INFO  Benchmark_Timer - Begin run: Insertion sort for 32 Integers with 100 runs
2021-02-03 14:44:46 INFO  CustomBenchmarks - 0.010 ms
2021-02-03 14:44:46 INFO  Benchmark_Timer - Begin run: Insertion sort for 64 Integers with 100 runs
2021-02-03 14:44:46 INFO  CustomBenchmarks - 0.100 ms
2021-02-03 14:44:46 INFO  Benchmark_Timer - Begin run: Insertion sort for 128 Integers with 100 runs
2021-02-03 14:44:46 INFO  CustomBenchmarks - 0.010 ms
2021-02-03 14:44:46 INFO  Benchmark_Timer - Begin run: Insertion sort for 256 Integers with 100 runs
2021-02-03 14:44:46 INFO  CustomBenchmarks - 0.010 ms
2021-02-03 14:44:46 INFO  Benchmark_Timer - Begin run: Insertion sort for 512 Integers with 100 runs
2021-02-03 14:44:46 INFO  CustomBenchmarks - 0.010 ms
2021-02-03 14:44:46 INFO  Benchmark_Timer - Begin run: Insertion sort for 1024 Integers with 100 runs
2021-02-03 14:44:46 INFO  CustomBenchmarks - 0.040 ms
2021-02-03 14:44:46 INFO  Benchmark_Timer - Begin run: Insertion sort for 2048 Integers with 100 runs
2021-02-03 14:44:46 INFO  CustomBenchmarks - 0.010 ms
2021-02-03 14:44:46 INFO  Benchmark_Timer - Begin run: Insertion sort for 4096 Integers with 100 runs
2021-02-03 14:44:46 INFO  CustomBenchmarks - 0.040 ms
2021-02-03 14:44:46 INFO  Benchmark_Timer - Begin run: Insertion sort for 8192 Integers with 100 runs
2021-02-03 14:44:46 INFO  CustomBenchmarks - 0.470 ms
2021-02-03 14:44:46 INFO  Benchmark_Timer - Begin run: Insertion sort for 16384 Integers with 100 runs
2021-02-03 14:44:46 INFO  CustomBenchmarks - 0.130 ms
2021-02-03 14:44:46 INFO  Benchmark_Timer - Begin run: Insertion sort for 32768 Integers with 100 runs
2021-02-03 14:44:46 INFO  CustomBenchmarks - 0.320 ms
2021-02-03 14:45:23 INFO  Benchmark_Timer - Begin run: Insertion sort for 16 Integers with 100 runs
2021-02-03 14:45:23 INFO  CustomBenchmarks - 0.030 ms
2021-02-03 14:45:23 INFO  Benchmark_Timer - Begin run: Insertion sort for 32 Integers with 100 runs
2021-02-03 14:45:23 INFO  CustomBenchmarks - 0.030 ms
2021-02-03 14:45:23 INFO  Benchmark_Timer - Begin run: Insertion sort for 64 Integers with 100 runs
2021-02-03 14:45:23 INFO  CustomBenchmarks - 0.060 ms
2021-02-03 14:45:23 INFO  Benchmark_Timer - Begin run: Insertion sort for 128 Integers with 100 runs
2021-02-03 14:45:23 INFO  CustomBenchmarks - 0.200 ms
2021-02-03 14:45:23 INFO  Benchmark_Timer - Begin run: Insertion sort for 256 Integers with 100 runs
2021-02-03 14:45:23 INFO  CustomBenchmarks - 0.610 ms
2021-02-03 14:45:23 INFO  Benchmark_Timer - Begin run: Insertion sort for 512 Integers with 100 runs
2021-02-03 14:45:24 INFO  CustomBenchmarks - 1.690 ms
2021-02-03 14:45:24 INFO  Benchmark_Timer - Begin run: Insertion sort for 1024 Integers with 100 runs
2021-02-03 14:45:24 INFO  CustomBenchmarks - 5.250 ms
2021-02-03 14:45:24 INFO  Benchmark_Timer - Begin run: Insertion sort for 2048 Integers with 100 runs
2021-02-03 14:45:27 INFO  CustomBenchmarks - 24.660 ms
2021-02-03 14:45:27 INFO  Benchmark_Timer - Begin run: Insertion sort for 4096 Integers with 100 runs
2021-02-03 14:45:35 INFO  CustomBenchmarks - 70.390 ms
2021-02-03 14:45:35 INFO  Benchmark_Timer - Begin run: Insertion sort for 8192 Integers with 100 runs
2021-02-03 14:46:04 INFO  CustomBenchmarks - 265.500 ms
2021-02-03 14:46:04 INFO  Benchmark_Timer - Begin run: Insertion sort for 16384 Integers with 100 runs
2021-02-03 14:48:08 INFO  CustomBenchmarks - 1121.750 ms
2021-02-03 14:48:08 INFO  Benchmark_Timer - Begin run: Insertion sort for 32768 Integers with 100 runs
2021-02-03 14:56:01 INFO  CustomBenchmarks - 4308.460 ms
2021-02-03 15:12:29 INFO  Benchmark_Timer - Begin run: Insertion sort for 16 Integers, Backward ordered with 100 runs
2021-02-03 15:12:29 INFO  CustomBenchmarks - 0.040 ms
2021-02-03 15:12:29 INFO  Benchmark_Timer - Begin run: Insertion sort for 16 Integers, Randomly ordered with 100 runs
2021-02-03 15:12:29 INFO  CustomBenchmarks - 0.030 ms
2021-02-03 15:12:29 INFO  Benchmark_Timer - Begin run: Insertion sort for 16 Integers, Already ordered with 100 runs
2021-02-03 15:12:29 INFO  CustomBenchmarks - 0.000 ms
2021-02-03 15:12:29 INFO  Benchmark_Timer - Begin run: Insertion sort for 32 Integers, Backward ordered with 100 runs
2021-02-03 15:12:29 INFO  CustomBenchmarks - 0.010 ms
2021-02-03 15:12:29 INFO  Benchmark_Timer - Begin run: Insertion sort for 32 Integers, Randomly ordered with 100 runs
2021-02-03 15:12:29 INFO  CustomBenchmarks - 0.070 ms
2021-02-03 15:12:29 INFO  Benchmark_Timer - Begin run: Insertion sort for 32 Integers, Already ordered with 100 runs
2021-02-03 15:12:29 INFO  CustomBenchmarks - 0.020 ms
2021-02-03 15:12:29 INFO  Benchmark_Timer - Begin run: Insertion sort for 64 Integers, Backward ordered with 100 runs
2021-02-03 15:12:29 INFO  CustomBenchmarks - 0.130 ms
2021-02-03 15:12:29 INFO  Benchmark_Timer - Begin run: Insertion sort for 64 Integers, Randomly ordered with 100 runs
2021-02-03 15:12:29 INFO  CustomBenchmarks - 0.020 ms
2021-02-03 15:12:29 INFO  Benchmark_Timer - Begin run: Insertion sort for 64 Integers, Already ordered with 100 runs
2021-02-03 15:12:29 INFO  CustomBenchmarks - 0.000 ms
2021-02-03 15:12:29 INFO  Benchmark_Timer - Begin run: Insertion sort for 128 Integers, Backward ordered with 100 runs
2021-02-03 15:12:29 INFO  CustomBenchmarks - 0.060 ms
2021-02-03 15:12:29 INFO  Benchmark_Timer - Begin run: Insertion sort for 128 Integers, Randomly ordered with 100 runs
2021-02-03 15:12:29 INFO  CustomBenchmarks - 0.030 ms
2021-02-03 15:12:29 INFO  Benchmark_Timer - Begin run: Insertion sort for 128 Integers, Already ordered with 100 runs
2021-02-03 15:12:29 INFO  CustomBenchmarks - 0.000 ms
2021-02-03 15:12:29 INFO  Benchmark_Timer - Begin run: Insertion sort for 256 Integers, Backward ordered with 100 runs
2021-02-03 15:12:29 INFO  CustomBenchmarks - 0.570 ms
2021-02-03 15:12:29 INFO  Benchmark_Timer - Begin run: Insertion sort for 256 Integers, Randomly ordered with 100 runs
2021-02-03 15:12:29 INFO  CustomBenchmarks - 0.240 ms
2021-02-03 15:12:29 INFO  Benchmark_Timer - Begin run: Insertion sort for 256 Integers, Already ordered with 100 runs
2021-02-03 15:12:29 INFO  CustomBenchmarks - 0.000 ms
2021-02-03 15:12:29 INFO  Benchmark_Timer - Begin run: Insertion sort for 512 Integers, Backward ordered with 100 runs
2021-02-03 15:12:29 INFO  CustomBenchmarks - 1.470 ms
2021-02-03 15:12:29 INFO  Benchmark_Timer - Begin run: Insertion sort for 512 Integers, Randomly ordered with 100 runs
2021-02-03 15:12:29 INFO  CustomBenchmarks - 0.740 ms
2021-02-03 15:12:29 INFO  Benchmark_Timer - Begin run: Insertion sort for 512 Integers, Already ordered with 100 runs
2021-02-03 15:12:29 INFO  CustomBenchmarks - 0.000 ms
2021-02-03 15:12:29 INFO  Benchmark_Timer - Begin run: Insertion sort for 1024 Integers, Backward ordered with 100 runs
2021-02-03 15:12:30 INFO  CustomBenchmarks - 4.160 ms
2021-02-03 15:12:30 INFO  Benchmark_Timer - Begin run: Insertion sort for 1024 Integers, Randomly ordered with 100 runs
2021-02-03 15:12:30 INFO  CustomBenchmarks - 2.330 ms
2021-02-03 15:12:30 INFO  Benchmark_Timer - Begin run: Insertion sort for 1024 Integers, Already ordered with 100 runs
2021-02-03 15:12:30 INFO  CustomBenchmarks - 0.010 ms
2021-02-03 15:12:30 INFO  Benchmark_Timer - Begin run: Insertion sort for 2048 Integers, Backward ordered with 100 runs
2021-02-03 15:12:32 INFO  CustomBenchmarks - 19.420 ms
2021-02-03 15:12:32 INFO  Benchmark_Timer - Begin run: Insertion sort for 2048 Integers, Randomly ordered with 100 runs
2021-02-03 15:12:33 INFO  CustomBenchmarks - 5.590 ms
2021-02-03 15:12:33 INFO  Benchmark_Timer - Begin run: Insertion sort for 2048 Integers, Already ordered with 100 runs
2021-02-03 15:12:33 INFO  CustomBenchmarks - 0.010 ms
2021-02-03 15:12:33 INFO  Benchmark_Timer - Begin run: Insertion sort for 4096 Integers, Backward ordered with 100 runs
2021-02-03 15:12:39 INFO  CustomBenchmarks - 55.000 ms
2021-02-03 15:12:39 INFO  Benchmark_Timer - Begin run: Insertion sort for 4096 Integers, Randomly ordered with 100 runs
2021-02-03 15:12:42 INFO  CustomBenchmarks - 28.650 ms
2021-02-03 15:12:42 INFO  Benchmark_Timer - Begin run: Insertion sort for 4096 Integers, Already ordered with 100 runs
2021-02-03 15:12:42 INFO  CustomBenchmarks - 0.040 ms
2021-02-03 15:12:42 INFO  Benchmark_Timer - Begin run: Insertion sort for 8192 Integers, Backward ordered with 100 runs
2021-02-03 15:13:04 INFO  CustomBenchmarks - 200.320 ms
2021-02-03 15:13:04 INFO  Benchmark_Timer - Begin run: Insertion sort for 8192 Integers, Randomly ordered with 100 runs
2021-02-03 15:13:16 INFO  CustomBenchmarks - 105.070 ms
2021-02-03 15:13:16 INFO  Benchmark_Timer - Begin run: Insertion sort for 8192 Integers, Already ordered with 100 runs
2021-02-03 15:13:16 INFO  CustomBenchmarks - 0.070 ms
2021-02-03 15:13:16 INFO  Benchmark_Timer - Begin run: Insertion sort for 16384 Integers, Backward ordered with 100 runs
2021-02-03 15:14:48 INFO  CustomBenchmarks - 834.910 ms
2021-02-03 15:14:48 INFO  Benchmark_Timer - Begin run: Insertion sort for 16384 Integers, Randomly ordered with 100 runs
2021-02-03 15:15:34 INFO  CustomBenchmarks - 421.140 ms
2021-02-03 15:15:34 INFO  Benchmark_Timer - Begin run: Insertion sort for 16384 Integers, Already ordered with 100 runs
2021-02-03 15:15:34 INFO  CustomBenchmarks - 0.120 ms
2021-02-03 15:15:34 INFO  Benchmark_Timer - Begin run: Insertion sort for 32768 Integers, Backward ordered with 100 runs
2021-02-03 15:21:15 INFO  CustomBenchmarks - 3099.200 ms
2021-02-03 15:21:15 INFO  Benchmark_Timer - Begin run: Insertion sort for 32768 Integers, Randomly ordered with 100 runs
2021-02-03 15:24:22 INFO  CustomBenchmarks - 1703.140 ms
2021-02-03 15:24:22 INFO  Benchmark_Timer - Begin run: Insertion sort for 32768 Integers, Already ordered with 100 runs
2021-02-03 15:24:23 INFO  CustomBenchmarks - 0.280 ms
2021-02-03 19:08:08 INFO  Benchmark_Timer - Begin run: Selection sort for 2000 Integers with 100 runs
2021-02-03 19:08:08 INFO  Benchmarks - 0.000 ms
2021-02-03 19:08:08 INFO  Benchmark_Timer - Begin run: Insertion sort for 2000 Integers with 100 runs
2021-02-03 19:08:09 INFO  Benchmarks - 9.900 ms
2021-02-03 19:08:09 INFO  Benchmark_Timer - Begin run: BubbleSort for 2000 Integers with 100 runs
2021-02-03 19:08:11 INFO  Benchmarks - 11.620 ms
2021-02-03 19:08:11 INFO  Benchmark_Timer - Begin run: Dual-pivot Quick sort for 2000 Integers with 100 runs
2021-02-03 19:08:11 INFO  Benchmarks - 1.380 ms
2021-02-03 19:08:11 INFO  Benchmark_Timer - Begin run: 3-way Quick sort for 2000 Integers with 100 runs
2021-02-03 19:08:11 INFO  Benchmarks - 0.790 ms
2021-02-03 19:08:11 INFO  Benchmark_Timer - Begin run: Optimized Insertion sort for 2000 Integers with 100 runs
2021-02-03 19:08:11 INFO  Benchmarks - 0.580 ms
2021-02-03 19:08:11 INFO  Benchmark_Timer - Begin run: Merge sort for 2000 Integers with 100 runs
2021-02-03 19:08:11 INFO  Benchmarks - 0.660 ms
2021-02-03 19:08:11 INFO  Benchmark_Timer - Begin run: 3Shell sort for 2000 Integers with 100 runs
2021-02-03 19:10:42 INFO  Benchmark_Timer - Begin run: testWaitPeriods with 2 runs
2021-02-03 19:18:14 INFO  Benchmark_Timer - Begin run: testWaitPeriods with 2 runs
2021-02-03 19:23:22 INFO  Benchmark_Timer - Begin run: testWaitPeriods with 2 runs
2021-02-03 19:23:33 INFO  Benchmark_Timer - Begin run: Insertion sort for 16 Integers, Backward ordered with 100 runs
2021-02-03 19:23:33 INFO  CustomBenchmarks - 0.010 ms
2021-02-03 19:23:33 INFO  Benchmark_Timer - Begin run: Insertion sort for 16 Integers, Randomly ordered with 100 runs
2021-02-03 19:23:33 INFO  CustomBenchmarks - 0.000 ms
2021-02-03 19:23:33 INFO  Benchmark_Timer - Begin run: Insertion sort for 16 Integers, Already ordered with 100 runs
2021-02-03 19:23:33 INFO  CustomBenchmarks - 0.000 ms
2021-02-03 19:23:33 INFO  Benchmark_Timer - Begin run: Insertion sort for 16 Integers, Already ordered with 100 runs
2021-02-03 19:23:33 INFO  CustomBenchmarks - 0.000 ms
2021-02-03 19:23:33 INFO  Benchmark_Timer - Begin run: Insertion sort for 32 Integers, Backward ordered with 100 runs
2021-02-03 19:23:33 INFO  CustomBenchmarks - 0.020 ms
2021-02-03 19:23:33 INFO  Benchmark_Timer - Begin run: Insertion sort for 32 Integers, Randomly ordered with 100 runs
2021-02-03 19:23:33 INFO  CustomBenchmarks - 0.000 ms
2021-02-03 19:23:33 INFO  Benchmark_Timer - Begin run: Insertion sort for 32 Integers, Already ordered with 100 runs
2021-02-03 19:23:33 INFO  CustomBenchmarks - 0.000 ms
2021-02-03 19:23:33 INFO  Benchmark_Timer - Begin run: Insertion sort for 32 Integers, Already ordered with 100 runs
2021-02-03 19:23:33 INFO  CustomBenchmarks - 0.010 ms
2021-02-03 19:23:33 INFO  Benchmark_Timer - Begin run: Insertion sort for 64 Integers, Backward ordered with 100 runs
2021-02-03 19:23:33 INFO  CustomBenchmarks - 0.020 ms
2021-02-03 19:23:33 INFO  Benchmark_Timer - Begin run: Insertion sort for 64 Integers, Randomly ordered with 100 runs
2021-02-03 19:23:33 INFO  CustomBenchmarks - 0.000 ms
2021-02-03 19:23:33 INFO  Benchmark_Timer - Begin run: Insertion sort for 64 Integers, Already ordered with 100 runs
2021-02-03 19:23:33 INFO  CustomBenchmarks - 0.000 ms
2021-02-03 19:23:33 INFO  Benchmark_Timer - Begin run: Insertion sort for 64 Integers, Already ordered with 100 runs
2021-02-03 19:23:33 INFO  CustomBenchmarks - 0.000 ms
2021-02-03 19:23:33 INFO  Benchmark_Timer - Begin run: Insertion sort for 128 Integers, Backward ordered with 100 runs
2021-02-03 19:23:33 INFO  CustomBenchmarks - 0.070 ms
2021-02-03 19:23:33 INFO  Benchmark_Timer - Begin run: Insertion sort for 128 Integers, Randomly ordered with 100 runs
2021-02-03 19:23:33 INFO  CustomBenchmarks - 0.030 ms
2021-02-03 19:23:33 INFO  Benchmark_Timer - Begin run: Insertion sort for 128 Integers, Already ordered with 100 runs
2021-02-03 19:23:33 INFO  CustomBenchmarks - 0.000 ms
2021-02-03 19:23:33 INFO  Benchmark_Timer - Begin run: Insertion sort for 128 Integers, Already ordered with 100 runs
2021-02-03 19:23:33 INFO  CustomBenchmarks - 0.010 ms
2021-02-03 19:23:33 INFO  Benchmark_Timer - Begin run: Insertion sort for 256 Integers, Backward ordered with 100 runs
2021-02-03 19:23:33 INFO  CustomBenchmarks - 0.310 ms
2021-02-03 19:23:33 INFO  Benchmark_Timer - Begin run: Insertion sort for 256 Integers, Randomly ordered with 100 runs
2021-02-03 19:23:33 INFO  CustomBenchmarks - 0.120 ms
2021-02-03 19:23:33 INFO  Benchmark_Timer - Begin run: Insertion sort for 256 Integers, Already ordered with 100 runs
2021-02-03 19:23:33 INFO  CustomBenchmarks - 0.000 ms
2021-02-03 19:23:33 INFO  Benchmark_Timer - Begin run: Insertion sort for 256 Integers, Already ordered with 100 runs
2021-02-03 19:23:33 INFO  CustomBenchmarks - 0.090 ms
2021-02-03 19:23:33 INFO  Benchmark_Timer - Begin run: Insertion sort for 512 Integers, Backward ordered with 100 runs
2021-02-03 19:23:33 INFO  CustomBenchmarks - 1.430 ms
2021-02-03 19:23:33 INFO  Benchmark_Timer - Begin run: Insertion sort for 512 Integers, Randomly ordered with 100 runs
2021-02-03 19:23:33 INFO  CustomBenchmarks - 0.890 ms
2021-02-03 19:23:33 INFO  Benchmark_Timer - Begin run: Insertion sort for 512 Integers, Already ordered with 100 runs
2021-02-03 19:23:33 INFO  CustomBenchmarks - 0.010 ms
2021-02-03 19:23:33 INFO  Benchmark_Timer - Begin run: Insertion sort for 512 Integers, Already ordered with 100 runs
2021-02-03 19:23:34 INFO  CustomBenchmarks - 0.520 ms
2021-02-03 19:23:34 INFO  Benchmark_Timer - Begin run: Insertion sort for 1024 Integers, Backward ordered with 100 runs
2021-02-03 19:23:34 INFO  CustomBenchmarks - 5.610 ms
2021-02-03 19:23:34 INFO  Benchmark_Timer - Begin run: Insertion sort for 1024 Integers, Randomly ordered with 100 runs
2021-02-03 19:23:35 INFO  CustomBenchmarks - 2.750 ms
2021-02-03 19:23:35 INFO  Benchmark_Timer - Begin run: Insertion sort for 1024 Integers, Already ordered with 100 runs
2021-02-03 19:23:35 INFO  CustomBenchmarks - 0.010 ms
2021-02-03 19:23:35 INFO  Benchmark_Timer - Begin run: Insertion sort for 1024 Integers, Already ordered with 100 runs
2021-02-03 19:23:35 INFO  CustomBenchmarks - 2.100 ms
2021-02-03 19:23:35 INFO  Benchmark_Timer - Begin run: Insertion sort for 2048 Integers, Backward ordered with 100 runs
2021-02-03 19:23:36 INFO  CustomBenchmarks - 13.010 ms
2021-02-03 19:23:36 INFO  Benchmark_Timer - Begin run: Insertion sort for 2048 Integers, Randomly ordered with 100 runs
2021-02-03 19:23:37 INFO  CustomBenchmarks - 6.510 ms
2021-02-03 19:23:37 INFO  Benchmark_Timer - Begin run: Insertion sort for 2048 Integers, Already ordered with 100 runs
2021-02-03 19:23:37 INFO  CustomBenchmarks - 0.010 ms
2021-02-03 19:23:37 INFO  Benchmark_Timer - Begin run: Insertion sort for 2048 Integers, Already ordered with 100 runs
2021-02-03 19:23:37 INFO  CustomBenchmarks - 2.900 ms
2021-02-03 19:23:37 INFO  Benchmark_Timer - Begin run: Insertion sort for 4096 Integers, Backward ordered with 100 runs
2021-02-03 19:23:43 INFO  CustomBenchmarks - 46.470 ms
2021-02-03 19:23:43 INFO  Benchmark_Timer - Begin run: Insertion sort for 4096 Integers, Randomly ordered with 100 runs
2021-02-03 19:23:45 INFO  CustomBenchmarks - 23.240 ms
2021-02-03 19:23:45 INFO  Benchmark_Timer - Begin run: Insertion sort for 4096 Integers, Already ordered with 100 runs
2021-02-03 19:23:45 INFO  CustomBenchmarks - 0.020 ms
2021-02-03 19:23:45 INFO  Benchmark_Timer - Begin run: Insertion sort for 4096 Integers, Already ordered with 100 runs
2021-02-03 19:23:46 INFO  CustomBenchmarks - 11.880 ms
2021-02-03 19:23:46 INFO  Benchmark_Timer - Begin run: Insertion sort for 8192 Integers, Backward ordered with 100 runs
2021-02-03 19:24:07 INFO  CustomBenchmarks - 183.910 ms
2021-02-03 19:24:07 INFO  Benchmark_Timer - Begin run: Insertion sort for 8192 Integers, Randomly ordered with 100 runs
2021-02-03 19:24:16 INFO  Benchmark_Timer - Begin run: Insertion sort for 16 Integers, Backward ordered with 100 runs
2021-02-03 19:24:16 INFO  CustomBenchmarks - 0.020 ms
2021-02-03 19:24:16 INFO  Benchmark_Timer - Begin run: Insertion sort for 16 Integers, Randomly ordered with 100 runs
2021-02-03 19:24:16 INFO  CustomBenchmarks - 0.000 ms
2021-02-03 19:24:16 INFO  Benchmark_Timer - Begin run: Insertion sort for 16 Integers, Already ordered with 100 runs
2021-02-03 19:24:16 INFO  CustomBenchmarks - 0.000 ms
2021-02-03 19:24:16 INFO  Benchmark_Timer - Begin run: Insertion sort for 16 Integers, Already ordered with 100 runs
2021-02-03 19:24:16 INFO  CustomBenchmarks - 0.000 ms
2021-02-03 19:24:16 INFO  Benchmark_Timer - Begin run: Insertion sort for 32 Integers, Backward ordered with 100 runs
2021-02-03 19:24:16 INFO  CustomBenchmarks - 0.050 ms
2021-02-03 19:24:16 INFO  Benchmark_Timer - Begin run: Insertion sort for 32 Integers, Randomly ordered with 100 runs
2021-02-03 19:24:16 INFO  CustomBenchmarks - 0.000 ms
2021-02-03 19:24:16 INFO  Benchmark_Timer - Begin run: Insertion sort for 32 Integers, Already ordered with 100 runs
2021-02-03 19:24:16 INFO  CustomBenchmarks - 0.000 ms
2021-02-03 19:24:16 INFO  Benchmark_Timer - Begin run: Insertion sort for 32 Integers, Already ordered with 100 runs
2021-02-03 19:24:16 INFO  CustomBenchmarks - 0.000 ms
2021-02-03 19:24:16 INFO  Benchmark_Timer - Begin run: Insertion sort for 64 Integers, Backward ordered with 100 runs
2021-02-03 19:24:16 INFO  CustomBenchmarks - 0.230 ms
2021-02-03 19:24:16 INFO  Benchmark_Timer - Begin run: Insertion sort for 64 Integers, Randomly ordered with 100 runs
2021-02-03 19:24:16 INFO  CustomBenchmarks - 0.010 ms
2021-02-03 19:24:16 INFO  Benchmark_Timer - Begin run: Insertion sort for 64 Integers, Already ordered with 100 runs
2021-02-03 19:24:16 INFO  CustomBenchmarks - 0.000 ms
2021-02-03 19:24:16 INFO  Benchmark_Timer - Begin run: Insertion sort for 64 Integers, Already ordered with 100 runs
2021-02-03 19:24:16 INFO  CustomBenchmarks - 0.000 ms
2021-02-03 19:24:16 INFO  Benchmark_Timer - Begin run: Insertion sort for 128 Integers, Backward ordered with 100 runs
2021-02-03 19:24:16 INFO  CustomBenchmarks - 0.080 ms
2021-02-03 19:24:16 INFO  Benchmark_Timer - Begin run: Insertion sort for 128 Integers, Randomly ordered with 100 runs
2021-02-03 19:24:16 INFO  CustomBenchmarks - 0.270 ms
2021-02-03 19:24:16 INFO  Benchmark_Timer - Begin run: Insertion sort for 128 Integers, Already ordered with 100 runs
2021-02-03 19:24:16 INFO  CustomBenchmarks - 0.000 ms
2021-02-03 19:24:16 INFO  Benchmark_Timer - Begin run: Insertion sort for 128 Integers, Already ordered with 100 runs
2021-02-03 19:24:16 INFO  CustomBenchmarks - 0.020 ms
2021-02-03 19:24:16 INFO  Benchmark_Timer - Begin run: Insertion sort for 256 Integers, Backward ordered with 100 runs
2021-02-03 19:24:16 INFO  CustomBenchmarks - 0.400 ms
2021-02-03 19:24:16 INFO  Benchmark_Timer - Begin run: Insertion sort for 256 Integers, Randomly ordered with 100 runs
2021-02-03 19:24:16 INFO  CustomBenchmarks - 0.260 ms
2021-02-03 19:24:16 INFO  Benchmark_Timer - Begin run: Insertion sort for 256 Integers, Already ordered with 100 runs
2021-02-03 19:24:16 INFO  CustomBenchmarks - 0.000 ms
2021-02-03 19:24:16 INFO  Benchmark_Timer - Begin run: Insertion sort for 256 Integers, Already ordered with 100 runs
2021-02-03 19:24:16 INFO  CustomBenchmarks - 0.380 ms
2021-02-03 19:24:16 INFO  Benchmark_Timer - Begin run: Insertion sort for 512 Integers, Backward ordered with 100 runs
2021-02-03 19:24:16 INFO  CustomBenchmarks - 2.120 ms
2021-02-03 19:24:16 INFO  Benchmark_Timer - Begin run: Insertion sort for 512 Integers, Randomly ordered with 100 runs
2021-02-03 19:24:16 INFO  CustomBenchmarks - 0.540 ms
2021-02-03 19:24:16 INFO  Benchmark_Timer - Begin run: Insertion sort for 512 Integers, Already ordered with 100 runs
2021-02-03 19:24:16 INFO  CustomBenchmarks - 0.000 ms
2021-02-03 19:24:16 INFO  Benchmark_Timer - Begin run: Insertion sort for 512 Integers, Already ordered with 100 runs
2021-02-03 19:24:16 INFO  CustomBenchmarks - 0.200 ms
2021-02-03 19:24:16 INFO  Benchmark_Timer - Begin run: Insertion sort for 1024 Integers, Backward ordered with 100 runs
2021-02-03 19:24:17 INFO  CustomBenchmarks - 3.450 ms
2021-02-03 19:24:17 INFO  Benchmark_Timer - Begin run: Insertion sort for 1024 Integers, Randomly ordered with 100 runs
2021-02-03 19:24:17 INFO  CustomBenchmarks - 1.600 ms
2021-02-03 19:24:17 INFO  Benchmark_Timer - Begin run: Insertion sort for 1024 Integers, Already ordered with 100 runs
2021-02-03 19:24:17 INFO  CustomBenchmarks - 0.010 ms
2021-02-03 19:24:17 INFO  Benchmark_Timer - Begin run: Insertion sort for 1024 Integers, Already ordered with 100 runs
2021-02-03 19:24:17 INFO  CustomBenchmarks - 1.900 ms
2021-02-03 19:24:17 INFO  Benchmark_Timer - Begin run: Insertion sort for 2048 Integers, Backward ordered with 100 runs
2021-02-03 19:24:19 INFO  CustomBenchmarks - 11.080 ms
2021-02-03 19:24:19 INFO  Benchmark_Timer - Begin run: Insertion sort for 2048 Integers, Randomly ordered with 100 runs
2021-02-03 19:24:19 INFO  CustomBenchmarks - 4.120 ms
2021-02-03 19:24:19 INFO  Benchmark_Timer - Begin run: Insertion sort for 2048 Integers, Already ordered with 100 runs
2021-02-03 19:24:19 INFO  CustomBenchmarks - 0.010 ms
2021-02-03 19:24:19 INFO  Benchmark_Timer - Begin run: Insertion sort for 2048 Integers, Already ordered with 100 runs
2021-02-03 19:24:19 INFO  CustomBenchmarks - 2.010 ms
2021-02-03 19:24:19 INFO  Benchmark_Timer - Begin run: Insertion sort for 4096 Integers, Backward ordered with 100 runs
2021-02-03 19:24:24 INFO  CustomBenchmarks - 40.370 ms
2021-02-03 19:24:24 INFO  Benchmark_Timer - Begin run: Insertion sort for 4096 Integers, Randomly ordered with 100 runs
2021-02-03 19:24:26 INFO  CustomBenchmarks - 16.890 ms
2021-02-03 19:24:26 INFO  Benchmark_Timer - Begin run: Insertion sort for 4096 Integers, Already ordered with 100 runs
2021-02-03 19:24:26 INFO  CustomBenchmarks - 0.030 ms
2021-02-03 19:24:26 INFO  Benchmark_Timer - Begin run: Insertion sort for 4096 Integers, Already ordered with 100 runs
2021-02-03 19:24:26 INFO  CustomBenchmarks - 8.040 ms
2021-02-03 19:24:26 INFO  Benchmark_Timer - Begin run: Insertion sort for 8192 Integers, Backward ordered with 100 runs
2021-02-03 19:24:41 INFO  CustomBenchmarks - 128.800 ms
2021-02-03 19:24:41 INFO  Benchmark_Timer - Begin run: Insertion sort for 8192 Integers, Randomly ordered with 100 runs
2021-02-03 19:24:48 INFO  CustomBenchmarks - 68.080 ms
2021-02-03 19:24:48 INFO  Benchmark_Timer - Begin run: Insertion sort for 8192 Integers, Already ordered with 100 runs
2021-02-03 19:24:48 INFO  CustomBenchmarks - 0.060 ms
2021-02-03 19:24:48 INFO  Benchmark_Timer - Begin run: Insertion sort for 8192 Integers, Already ordered with 100 runs
2021-02-03 19:24:52 INFO  CustomBenchmarks - 34.190 ms
2021-02-03 19:24:52 INFO  Benchmark_Timer - Begin run: Insertion sort for 16384 Integers, Backward ordered with 100 runs
2021-02-03 19:25:52 INFO  CustomBenchmarks - 550.440 ms
2021-02-03 19:25:52 INFO  Benchmark_Timer - Begin run: Insertion sort for 16384 Integers, Randomly ordered with 100 runs
2021-02-03 19:26:27 INFO  CustomBenchmarks - 316.060 ms
2021-02-03 19:26:27 INFO  Benchmark_Timer - Begin run: Insertion sort for 16384 Integers, Already ordered with 100 runs
2021-02-03 19:26:27 INFO  CustomBenchmarks - 0.100 ms
2021-02-03 19:26:27 INFO  Benchmark_Timer - Begin run: Insertion sort for 16384 Integers, Already ordered with 100 runs
2021-02-03 19:26:42 INFO  CustomBenchmarks - 133.650 ms
2021-02-03 19:26:42 INFO  Benchmark_Timer - Begin run: Insertion sort for 32768 Integers, Backward ordered with 100 runs
2021-02-03 19:30:43 INFO  CustomBenchmarks - 2212.610 ms
2021-02-03 19:30:43 INFO  Benchmark_Timer - Begin run: Insertion sort for 32768 Integers, Randomly ordered with 100 runs
2021-02-03 19:31:54 INFO  Benchmark_Timer - Begin run: Insertion sort for 16 Integers, Backward ordered with 100 runs
2021-02-03 19:31:54 INFO  CustomBenchmarks - 0.020 ms
2021-02-03 19:31:54 INFO  Benchmark_Timer - Begin run: Insertion sort for 16 Integers, Randomly ordered with 100 runs
2021-02-03 19:31:54 INFO  CustomBenchmarks - 0.000 ms
2021-02-03 19:31:54 INFO  Benchmark_Timer - Begin run: Insertion sort for 16 Integers, Already ordered with 100 runs
2021-02-03 19:31:55 INFO  CustomBenchmarks - 0.000 ms
2021-02-03 19:31:55 INFO  Benchmark_Timer - Begin run: Insertion sort for 16 Integers, Partially ordered with 100 runs
2021-02-03 19:31:55 INFO  CustomBenchmarks - 0.000 ms
2021-02-03 19:31:55 INFO  Benchmark_Timer - Begin run: Insertion sort for 32 Integers, Backward ordered with 100 runs
2021-02-03 19:31:55 INFO  CustomBenchmarks - 0.010 ms
2021-02-03 19:31:55 INFO  Benchmark_Timer - Begin run: Insertion sort for 32 Integers, Randomly ordered with 100 runs
2021-02-03 19:31:55 INFO  CustomBenchmarks - 0.010 ms
2021-02-03 19:31:55 INFO  Benchmark_Timer - Begin run: Insertion sort for 32 Integers, Already ordered with 100 runs
2021-02-03 19:31:55 INFO  CustomBenchmarks - 0.000 ms
2021-02-03 19:31:55 INFO  Benchmark_Timer - Begin run: Insertion sort for 32 Integers, Partially ordered with 100 runs
2021-02-03 19:31:55 INFO  CustomBenchmarks - 0.000 ms
2021-02-03 19:31:55 INFO  Benchmark_Timer - Begin run: Insertion sort for 64 Integers, Backward ordered with 100 runs
2021-02-03 19:31:55 INFO  CustomBenchmarks - 0.050 ms
2021-02-03 19:31:55 INFO  Benchmark_Timer - Begin run: Insertion sort for 64 Integers, Randomly ordered with 100 runs
2021-02-03 19:31:55 INFO  CustomBenchmarks - 0.000 ms
2021-02-03 19:31:55 INFO  Benchmark_Timer - Begin run: Insertion sort for 64 Integers, Already ordered with 100 runs
2021-02-03 19:31:55 INFO  CustomBenchmarks - 0.000 ms
2021-02-03 19:31:55 INFO  Benchmark_Timer - Begin run: Insertion sort for 64 Integers, Partially ordered with 100 runs
2021-02-03 19:31:55 INFO  CustomBenchmarks - 0.000 ms
2021-02-03 19:31:55 INFO  Benchmark_Timer - Begin run: Insertion sort for 128 Integers, Backward ordered with 100 runs
2021-02-03 19:31:55 INFO  CustomBenchmarks - 0.050 ms
2021-02-03 19:31:55 INFO  Benchmark_Timer - Begin run: Insertion sort for 128 Integers, Randomly ordered with 100 runs
2021-02-03 19:31:55 INFO  CustomBenchmarks - 0.020 ms
2021-02-03 19:31:55 INFO  Benchmark_Timer - Begin run: Insertion sort for 128 Integers, Already ordered with 100 runs
2021-02-03 19:31:55 INFO  CustomBenchmarks - 0.000 ms
2021-02-03 19:31:55 INFO  Benchmark_Timer - Begin run: Insertion sort for 128 Integers, Partially ordered with 100 runs
2021-02-03 19:31:55 INFO  CustomBenchmarks - 0.010 ms
2021-02-03 19:31:55 INFO  Benchmark_Timer - Begin run: Insertion sort for 256 Integers, Backward ordered with 100 runs
2021-02-03 19:31:55 INFO  CustomBenchmarks - 0.320 ms
2021-02-03 19:31:55 INFO  Benchmark_Timer - Begin run: Insertion sort for 256 Integers, Randomly ordered with 100 runs
2021-02-03 19:31:55 INFO  CustomBenchmarks - 0.090 ms
2021-02-03 19:31:55 INFO  Benchmark_Timer - Begin run: Insertion sort for 256 Integers, Already ordered with 100 runs
2021-02-03 19:31:55 INFO  CustomBenchmarks - 0.000 ms
2021-02-03 19:31:55 INFO  Benchmark_Timer - Begin run: Insertion sort for 256 Integers, Partially ordered with 100 runs
2021-02-03 19:31:55 INFO  CustomBenchmarks - 0.050 ms
2021-02-03 19:31:55 INFO  Benchmark_Timer - Begin run: Insertion sort for 512 Integers, Backward ordered with 100 runs
2021-02-03 19:31:55 INFO  CustomBenchmarks - 0.930 ms
2021-02-03 19:31:55 INFO  Benchmark_Timer - Begin run: Insertion sort for 512 Integers, Randomly ordered with 100 runs
2021-02-03 19:31:55 INFO  CustomBenchmarks - 0.390 ms
2021-02-03 19:31:55 INFO  Benchmark_Timer - Begin run: Insertion sort for 512 Integers, Already ordered with 100 runs
2021-02-03 19:31:55 INFO  CustomBenchmarks - 0.000 ms
2021-02-03 19:31:55 INFO  Benchmark_Timer - Begin run: Insertion sort for 512 Integers, Partially ordered with 100 runs
2021-02-03 19:31:55 INFO  CustomBenchmarks - 0.160 ms
2021-02-03 19:31:55 INFO  Benchmark_Timer - Begin run: Insertion sort for 1024 Integers, Backward ordered with 100 runs
2021-02-03 19:31:55 INFO  CustomBenchmarks - 2.480 ms
2021-02-03 19:31:55 INFO  Benchmark_Timer - Begin run: Insertion sort for 1024 Integers, Randomly ordered with 100 runs
2021-02-03 19:31:55 INFO  CustomBenchmarks - 2.270 ms
2021-02-03 19:31:55 INFO  Benchmark_Timer - Begin run: Insertion sort for 1024 Integers, Already ordered with 100 runs
2021-02-03 19:31:55 INFO  CustomBenchmarks - 0.010 ms
2021-02-03 19:31:55 INFO  Benchmark_Timer - Begin run: Insertion sort for 1024 Integers, Partially ordered with 100 runs
2021-02-03 19:31:55 INFO  CustomBenchmarks - 1.150 ms
2021-02-03 19:31:55 INFO  Benchmark_Timer - Begin run: Insertion sort for 2048 Integers, Backward ordered with 100 runs
2021-02-03 19:31:57 INFO  CustomBenchmarks - 15.470 ms
2021-02-03 19:31:57 INFO  Benchmark_Timer - Begin run: Insertion sort for 2048 Integers, Randomly ordered with 100 runs
2021-02-03 19:31:58 INFO  CustomBenchmarks - 5.020 ms
2021-02-03 19:31:58 INFO  Benchmark_Timer - Begin run: Insertion sort for 2048 Integers, Already ordered with 100 runs
2021-02-03 19:31:58 INFO  CustomBenchmarks - 0.020 ms
2021-02-03 19:31:58 INFO  Benchmark_Timer - Begin run: Insertion sort for 2048 Integers, Partially ordered with 100 runs
2021-02-03 19:31:58 INFO  CustomBenchmarks - 2.480 ms
2021-02-03 19:31:58 INFO  Benchmark_Timer - Begin run: Insertion sort for 4096 Integers, Backward ordered with 100 runs
2021-02-03 19:32:02 INFO  CustomBenchmarks - 35.690 ms
2021-02-03 19:32:02 INFO  Benchmark_Timer - Begin run: Insertion sort for 4096 Integers, Randomly ordered with 100 runs
2021-02-03 19:32:04 INFO  CustomBenchmarks - 17.470 ms
2021-02-03 19:32:04 INFO  Benchmark_Timer - Begin run: Insertion sort for 4096 Integers, Already ordered with 100 runs
2021-02-03 19:32:04 INFO  CustomBenchmarks - 0.030 ms
2021-02-03 19:32:04 INFO  Benchmark_Timer - Begin run: Insertion sort for 4096 Integers, Partially ordered with 100 runs
2021-02-03 19:32:05 INFO  CustomBenchmarks - 8.350 ms
2021-02-03 19:32:05 INFO  Benchmark_Timer - Begin run: Insertion sort for 8192 Integers, Backward ordered with 100 runs
2021-02-03 19:32:19 INFO  CustomBenchmarks - 130.140 ms
2021-02-03 19:32:19 INFO  Benchmark_Timer - Begin run: Insertion sort for 8192 Integers, Randomly ordered with 100 runs
2021-02-03 19:32:27 INFO  CustomBenchmarks - 72.690 ms
2021-02-03 19:32:27 INFO  Benchmark_Timer - Begin run: Insertion sort for 8192 Integers, Already ordered with 100 runs
2021-02-03 19:32:27 INFO  CustomBenchmarks - 0.130 ms
2021-02-03 19:32:27 INFO  Benchmark_Timer - Begin run: Insertion sort for 8192 Integers, Partially ordered with 100 runs
2021-02-03 19:32:31 INFO  CustomBenchmarks - 33.240 ms
2021-02-03 19:32:31 INFO  Benchmark_Timer - Begin run: Insertion sort for 16384 Integers, Backward ordered with 100 runs
2021-02-03 19:33:30 INFO  CustomBenchmarks - 536.880 ms
2021-02-03 19:33:30 INFO  Benchmark_Timer - Begin run: Insertion sort for 16384 Integers, Randomly ordered with 100 runs
2021-02-03 19:34:03 INFO  CustomBenchmarks - 303.720 ms
2021-02-03 19:34:03 INFO  Benchmark_Timer - Begin run: Insertion sort for 16384 Integers, Already ordered with 100 runs
2021-02-03 19:34:03 INFO  CustomBenchmarks - 0.140 ms
2021-02-03 19:34:03 INFO  Benchmark_Timer - Begin run: Insertion sort for 16384 Integers, Partially ordered with 100 runs
2021-02-03 19:34:19 INFO  CustomBenchmarks - 143.910 ms
2021-02-03 19:34:19 INFO  Benchmark_Timer - Begin run: Insertion sort for 32768 Integers, Backward ordered with 100 runs
2021-02-03 19:38:20 INFO  CustomBenchmarks - 2182.400 ms
2021-02-03 19:38:20 INFO  Benchmark_Timer - Begin run: Insertion sort for 32768 Integers, Randomly ordered with 100 runs
2021-02-03 19:40:56 INFO  CustomBenchmarks - 1442.650 ms
2021-02-03 19:40:56 INFO  Benchmark_Timer - Begin run: Insertion sort for 32768 Integers, Already ordered with 100 runs
2021-02-03 19:40:56 INFO  CustomBenchmarks - 0.190 ms
2021-02-03 19:40:56 INFO  Benchmark_Timer - Begin run: Insertion sort for 32768 Integers, Partially ordered with 100 runs
2021-02-03 19:42:08 INFO  CustomBenchmarks - 657.480 ms
2021-02-03 20:06:46 DEBUG Config - Config.get(helper, instrument) = true
2021-02-03 20:06:46 DEBUG Config - Config.get(helper, seed) = 0
2021-02-03 20:06:46 DEBUG Config - Config.get(instrumenting, copies) = true
2021-02-03 20:06:46 DEBUG Config - Config.get(instrumenting, swaps) = true
2021-02-03 20:06:46 DEBUG Config - Config.get(instrumenting, compares) = true
2021-02-03 20:06:46 DEBUG Config - Config.get(instrumenting, inversions) = 1
2021-02-03 20:06:46 DEBUG Config - Config.get(instrumenting, fixes) = true
2021-02-03 20:06:46 DEBUG Config - Config.get(helper, cutoff) = 
2021-02-03 20:07:24 DEBUG Config - Config.get(helper, instrument) = true
2021-02-03 20:07:24 DEBUG Config - Config.get(helper, seed) = 0
2021-02-03 20:07:24 DEBUG Config - Config.get(instrumenting, copies) = true
2021-02-03 20:07:24 DEBUG Config - Config.get(instrumenting, swaps) = true
2021-02-03 20:07:24 DEBUG Config - Config.get(instrumenting, compares) = true
2021-02-03 20:07:24 DEBUG Config - Config.get(instrumenting, inversions) = 1
2021-02-03 20:07:24 DEBUG Config - Config.get(instrumenting, fixes) = true
2021-02-03 20:07:24 DEBUG Config - Config.get(helper, cutoff) = 
